<?xml version="1.0" encoding="UTF-8"?>
<!-- Generated by org.testng.reporters.JUnitXMLReporter -->
<testsuite ignored="0" hostname="Devils_PC" failures="0" tests="2" name="Dashboard Test Cases" time="253.325" errors="0" timestamp="2025-01-07T22:57:40 IST">
  <testcase classname="SeleniumFramework.TestCases.DashboardTest" name="validateOneWayFlightBooking" time="187.576"/>
  <testcase classname="SeleniumFramework.TestCases.DashboardTest" name="validateRoundTripFlightBooking" time="65.708"/>
</testsuite> <!-- Dashboard Test Cases -->
