<?xml version="1.0" encoding="UTF-8"?>
<testng-results ignored="0" total="2" passed="2" failed="0" skipped="0">
  <reporter-output>
  </reporter-output>
  <suite started-at="2025-01-07T22:53:26 IST" name="Suite" finished-at="2025-01-07T22:57:40 IST" duration-ms="253325">
    <groups>
    </groups>
    <test started-at="2025-01-07T22:53:26 IST" name="Dashboard Test Cases" finished-at="2025-01-07T22:57:40 IST" duration-ms="253325">
      <class name="SeleniumFramework.TestCases.DashboardTest">
        <test-method signature="validateOneWayFlightBooking()[pri:0, instance:SeleniumFramework.TestCases.DashboardTest@702657cc]" started-at="2025-01-07T22:53:26 IST" name="validateOneWayFlightBooking" finished-at="2025-01-07T22:56:34 IST" duration-ms="187576" status="PASS">
          <reporter-output>
          </reporter-output>
        </test-method> <!-- validateOneWayFlightBooking -->
        <test-method signature="validateRoundTripFlightBooking()[pri:0, instance:SeleniumFramework.TestCases.DashboardTest@702657cc]" started-at="2025-01-07T22:56:34 IST" name="validateRoundTripFlightBooking" finished-at="2025-01-07T22:57:39 IST" duration-ms="65708" status="PASS">
          <reporter-output>
          </reporter-output>
        </test-method> <!-- validateRoundTripFlightBooking -->
      </class> <!-- SeleniumFramework.TestCases.DashboardTest -->
    </test> <!-- Dashboard Test Cases -->
  </suite> <!-- Suite -->
</testng-results>
